16:12:09 **** Clean-only build of configuration Debug for project dungeon-game ****
make clean 
rm -rf  ./GameMap.o ./MapCell.o ./Player.o ./main.o  ./GameMap.d ./MapCell.d ./Player.d ./main.d  dungeon-game
 

16:12:10 Build Finished. 0 errors, 0 warnings. (took 575ms)

16:12:10 **** Build of configuration Debug for project dungeon-game ****
make all 
Building file: ../GameMap.cpp
Invoking: Cross G++ Compiler
g++ -O0 -g3 -Wall -c -fmessage-length=0 -MMD -MP -MF"GameMap.d" -MT"GameMap.o" -o "GameMap.o" "../GameMap.cpp"
Finished building: ../GameMap.cpp
 
Building file: ../MapCell.cpp
Invoking: Cross G++ Compiler
g++ -O0 -g3 -Wall -c -fmessage-length=0 -MMD -MP -MF"MapCell.d" -MT"MapCell.o" -o "MapCell.o" "../MapCell.cpp"
Finished building: ../MapCell.cpp
 
Building file: ../Player.cpp
Invoking: Cross G++ Compiler
g++ -O0 -g3 -Wall -c -fmessage-length=0 -MMD -MP -MF"Player.d" -MT"Player.o" -o "Player.o" "../Player.cpp"
Finished building: ../Player.cpp
 
Building file: ../main.cpp
Invoking: Cross G++ Compiler
g++ -O0 -g3 -Wall -c -fmessage-length=0 -MMD -MP -MF"main.d" -MT"main.o" -o "main.o" "../main.cpp"
Finished building: ../main.cpp
 
Building target: dungeon-game
Invoking: Cross G++ Linker
g++  -o "dungeon-game"  ./GameMap.o ./MapCell.o ./Player.o ./main.o   
Finished building target: dungeon-game
 
16:12:11 **** Clean-only build of configuration Release for project dungeon-game ****
make clean 
rm -rf  ./GameMap.o ./MapCell.o ./Player.o ./main.o  ./GameMap.d ./MapCell.d ./Player.d ./main.d  dungeon-game
 
16:12:12 **** Build of configuration Release for project dungeon-game ****
make all 
Building file: ../GameMap.cpp
Invoking: Cross G++ Compiler
g++ -O3 -Wall -c -fmessage-length=0 -MMD -MP -MF"GameMap.d" -MT"GameMap.o" -o "GameMap.o" "../GameMap.cpp"
Finished building: ../GameMap.cpp
 
Building file: ../MapCell.cpp
Invoking: Cross G++ Compiler
g++ -O3 -Wall -c -fmessage-length=0 -MMD -MP -MF"MapCell.d" -MT"MapCell.o" -o "MapCell.o" "../MapCell.cpp"
Finished building: ../MapCell.cpp
 
Building file: ../Player.cpp
Invoking: Cross G++ Compiler
g++ -O3 -Wall -c -fmessage-length=0 -MMD -MP -MF"Player.d" -MT"Player.o" -o "Player.o" "../Player.cpp"
Finished building: ../Player.cpp
 
Building file: ../main.cpp
Invoking: Cross G++ Compiler
g++ -O3 -Wall -c -fmessage-length=0 -MMD -MP -MF"main.d" -MT"main.o" -o "main.o" "../main.cpp"
Finished building: ../main.cpp
 
Building target: dungeon-game
Invoking: Cross G++ Linker
g++  -o "dungeon-game"  ./GameMap.o ./MapCell.o ./Player.o ./main.o   
Finished building target: dungeon-game
 
